[2026-05-18 19:35:10] [INFO] V9.1 bot started in 📝 PAPER mode, lev max
[2026-05-18 19:35:10] [ERROR] Error scanning BTC-PERP: '8h'
Traceback (most recent call last):
  File "/root/nado-bot/src/v9_live_trader.py", line 258, in scan_signals
    df = fetcher.fetch_history(sym, cfg["timeframe"], total_candles=cfg["candles_lookback"])
         ^^^^^^^^^^^^^^^^^^^^^^^^^^^^^^^^^^^^^^^^^^^^^^^^^^^^^^^^^^^^^^^^^^^^^^^^^^^^^^^^^^^
  File "/root/nado-bot/src/data/fetcher.py", line 93, in fetch_history
    period = TIMEFRAMES[timeframe]

[2026-05-18 19:35:10] [ERROR] Error scanning ETH-PERP: '8h'
Traceback (most recent call last):
  File "/root/nado-bot/src/v9_live_trader.py", line 258, in scan_signals
    df = fetcher.fetch_history(sym, cfg["timeframe"], total_candles=cfg["candles_lookback"])
         ^^^^^^^^^^^^^^^^^^^^^^^^^^^^^^^^^^^^^^^^^^^^^^^^^^^^^^^^^^^^^^^^^^^^^^^^^^^^^^^^^^^
  File "/root/nado-bot/src/data/fetcher.py", line 93, in fetch_history
    period = TIMEFRAMES[timeframe]

[2026-05-18 19:35:10] [ERROR] Error scanning SOL-PERP: '8h'
Traceback (most recent call last):
  File "/root/nado-bot/src/v9_live_trader.py", line 258, in scan_signals
    df = fetcher.fetch_history(sym, cfg["timeframe"], total_candles=cfg["candles_lookback"])
         ^^^^^^^^^^^^^^^^^^^^^^^^^^^^^^^^^^^^^^^^^^^^^^^^^^^^^^^^^^^^^^^^^^^^^^^^^^^^^^^^^^^
  File "/root/nado-bot/src/data/fetcher.py", line 93, in fetch_history
    period = TIMEFRAMES[timeframe]

[2026-05-18 19:37:58] [INFO] V9.1 bot started in 📝 PAPER mode, lev max
[2026-05-19 05:28:55] [INFO] V9.1 bot started in 📝 PAPER mode, lev max
[2026-05-19 08:29:12] [INFO] OPEN 📝 PAPER SOL-PERP short entry=85.13 lev=40x
[2026-05-19 09:29:43] [INFO] OPEN 📝 PAPER ETH-PERP short entry=2116 lev=50x
